<?xml version="1.0" encoding="UTF-8"?>
<!-- Generated by org.testng.reporters.JUnitReportReporter -->
<testsuite hostname="DESKTOP-V4M05D1" failures="0" tests="3" name="tests.Testing1" time="0.011" errors="0" timestamp="2025-12-24T11:47:39 EST" skipped="0">
  <testcase classname="tests.Testing1" name="test1" time="0.007"/>
  <system-out/>
  <testcase classname="tests.Testing1" name="test2" time="0.002"/>
  <system-out/>
  <testcase classname="tests.Testing1" name="test3" time="0.002"/>
  <system-out/>
</testsuite> <!-- tests.Testing1 -->
