<?xml version="1.0" encoding="UTF-8"?>
<!-- Generated by org.testng.reporters.JUnitReportReporter -->
<testsuite hostname="DESKTOP-V4M05D1" failures="0" tests="3" name="selenium.Testing1" time="0.005" errors="0" timestamp="2025-12-28T15:42:43 EST" skipped="0">
  <testcase classname="selenium.Testing1" name="test3" time="0.002"/>
  <testcase classname="selenium.Testing1" name="test2" time="0.001"/>
  <testcase classname="selenium.Testing1" name="test1" time="0.002"/>
</testsuite> <!-- selenium.Testing1 -->
