<?xml version="1.0" encoding="UTF-8"?>
<testng-results ignored="0" total="8" passed="5" failed="1" skipped="2">
  <reporter-output>
  </reporter-output>
  <suite started-at="2025-12-28T15:42:43 EST" name="Default suite" finished-at="2025-12-28T15:42:43 EST" duration-ms="102">
    <groups>
      <group name="important">
        <method signature="Testing2.test4()[pri:0, instance:selenium.Testing2@59662a0b]" name="test4" class="selenium.Testing2"/>
      </group> <!-- important -->
      <group name="smoke">
        <method signature="Testing1.test1()[pri:0, instance:selenium.Testing1@36fc695d]" name="test1" class="selenium.Testing1"/>
        <method signature="Testing3.createUser()[pri:1, instance:selenium.Testing3@3c19aaa5]" name="createUser" class="selenium.Testing3"/>
      </group> <!-- smoke -->
      <group name="sanity">
        <method signature="Testing1.test2()[pri:0, instance:selenium.Testing1@36fc695d]" name="test2" class="selenium.Testing1"/>
        <method signature="Testing3.createUser()[pri:1, instance:selenium.Testing3@3c19aaa5]" name="createUser" class="selenium.Testing3"/>
      </group> <!-- sanity -->
    </groups>
    <test started-at="2025-12-28T15:42:43 EST" name="Default test" finished-at="2025-12-28T15:42:43 EST" duration-ms="102">
      <class name="selenium.Testing2">
        <test-method signature="test4()[pri:0, instance:selenium.Testing2@59662a0b]" started-at="2025-12-28T15:42:43 EST" name="test4" finished-at="2025-12-28T15:42:43 EST" duration-ms="8" status="PASS">
          <reporter-output>
          </reporter-output>
        </test-method> <!-- test4 -->
        <test-method signature="test5()[pri:0, instance:selenium.Testing2@59662a0b]" started-at="2025-12-28T15:42:43 EST" name="test5" finished-at="2025-12-28T15:42:43 EST" duration-ms="2" status="PASS">
          <reporter-output>
          </reporter-output>
        </test-method> <!-- test5 -->
      </class> <!-- selenium.Testing2 -->
      <class name="selenium.Testing3">
        <test-method signature="createUser()[pri:1, instance:selenium.Testing3@3c19aaa5]" started-at="2025-12-28T15:42:43 EST" name="createUser" finished-at="2025-12-28T15:42:43 EST" duration-ms="8" status="FAIL">
          <exception class="java.lang.AssertionError">
            <message>
              <![CDATA[Veryfying Element expected [true] but found [false]]]>
            </message>
            <full-stacktrace>
              <![CDATA[java.lang.AssertionError: Veryfying Element expected [true] but found [false]
at org.testng.Assert.fail(Assert.java:111)
at org.testng.Assert.failNotEquals(Assert.java:1590)
at org.testng.Assert.assertTrue(Assert.java:57)
at selenium.Testing3.createUser(Testing3.java:15)
at java.base/jdk.internal.reflect.DirectMethodHandleAccessor.invoke(DirectMethodHandleAccessor.java:103)
at java.base/java.lang.reflect.Method.invoke(Method.java:580)
at org.testng.internal.invokers.MethodInvocationHelper.invokeMethod(MethodInvocationHelper.java:141)
at org.testng.internal.invokers.TestInvoker.invokeMethod(TestInvoker.java:687)
at org.testng.internal.invokers.TestInvoker.invokeTestMethod(TestInvoker.java:230)
at org.testng.internal.invokers.MethodRunner.runInSequence(MethodRunner.java:63)
at org.testng.internal.invokers.TestInvoker$MethodInvocationAgent.invoke(TestInvoker.java:995)
at org.testng.internal.invokers.TestInvoker.invokeTestMethods(TestInvoker.java:203)
at org.testng.internal.invokers.TestMethodWorker.invokeTestMethods(TestMethodWorker.java:154)
at org.testng.internal.invokers.TestMethodWorker.run(TestMethodWorker.java:134)
at java.base/java.util.ArrayList.forEach(ArrayList.java:1596)
at org.testng.TestRunner.privateRun(TestRunner.java:741)
at org.testng.TestRunner.run(TestRunner.java:616)
at org.testng.SuiteRunner.runTest(SuiteRunner.java:421)
at org.testng.SuiteRunner.runSequentially(SuiteRunner.java:413)
at org.testng.SuiteRunner.privateRun(SuiteRunner.java:373)
at org.testng.SuiteRunner.run(SuiteRunner.java:312)
at org.testng.SuiteRunnerWorker.runSuite(SuiteRunnerWorker.java:52)
at org.testng.SuiteRunnerWorker.run(SuiteRunnerWorker.java:95)
at org.testng.TestNG.runSuitesSequentially(TestNG.java:1274)
at org.testng.TestNG.runSuitesLocally(TestNG.java:1208)
at org.testng.TestNG.runSuites(TestNG.java:1112)
at org.testng.TestNG.run(TestNG.java:1079)
at org.testng.remote.AbstractRemoteTestNG.run(AbstractRemoteTestNG.java:115)
at org.testng.remote.RemoteTestNG.initAndRun(RemoteTestNG.java:293)
at org.testng.remote.RemoteTestNG.main(RemoteTestNG.java:91)
]]>
            </full-stacktrace>
          </exception> <!-- java.lang.AssertionError -->
          <reporter-output>
          </reporter-output>
        </test-method> <!-- createUser -->
        <test-method signature="editUser()[pri:2, instance:selenium.Testing3@3c19aaa5]" started-at="2025-12-28T15:42:43 EST" name="editUser" finished-at="2025-12-28T15:42:43 EST" depends-on-methods="selenium.Testing3.createUser" duration-ms="0" status="SKIP">
          <exception class="java.lang.Throwable">
            <message>
              <![CDATA[Method selenium.Testing3.editUser() on instance selenium.Testing3@3c19aaa5 depends on not successfully finished methods 
[selenium.Testing3.createUser() on instance selenium.Testing3@3c19aaa5]]]>
            </message>
            <full-stacktrace>
              <![CDATA[java.lang.Throwable: Method selenium.Testing3.editUser() on instance selenium.Testing3@3c19aaa5 depends on not successfully finished methods 
[selenium.Testing3.createUser() on instance selenium.Testing3@3c19aaa5]
at org.testng.internal.invokers.TestInvoker.invokeTestMethods(TestInvoker.java:159)
at org.testng.internal.invokers.TestMethodWorker.invokeTestMethods(TestMethodWorker.java:154)
at org.testng.internal.invokers.TestMethodWorker.run(TestMethodWorker.java:134)
at java.base/java.util.ArrayList.forEach(ArrayList.java:1596)
at org.testng.TestRunner.privateRun(TestRunner.java:741)
at org.testng.TestRunner.run(TestRunner.java:616)
at org.testng.SuiteRunner.runTest(SuiteRunner.java:421)
at org.testng.SuiteRunner.runSequentially(SuiteRunner.java:413)
at org.testng.SuiteRunner.privateRun(SuiteRunner.java:373)
at org.testng.SuiteRunner.run(SuiteRunner.java:312)
at org.testng.SuiteRunnerWorker.runSuite(SuiteRunnerWorker.java:52)
at org.testng.SuiteRunnerWorker.run(SuiteRunnerWorker.java:95)
at org.testng.TestNG.runSuitesSequentially(TestNG.java:1274)
at org.testng.TestNG.runSuitesLocally(TestNG.java:1208)
at org.testng.TestNG.runSuites(TestNG.java:1112)
at org.testng.TestNG.run(TestNG.java:1079)
at org.testng.remote.AbstractRemoteTestNG.run(AbstractRemoteTestNG.java:115)
at org.testng.remote.RemoteTestNG.initAndRun(RemoteTestNG.java:293)
at org.testng.remote.RemoteTestNG.main(RemoteTestNG.java:91)
]]>
            </full-stacktrace>
          </exception> <!-- java.lang.Throwable -->
          <reporter-output>
          </reporter-output>
        </test-method> <!-- editUser -->
        <test-method signature="deleteUser()[pri:3, instance:selenium.Testing3@3c19aaa5]" started-at="2025-12-28T15:42:43 EST" name="deleteUser" finished-at="2025-12-28T15:42:43 EST" depends-on-methods="selenium.Testing3.editUser" duration-ms="0" status="SKIP">
          <exception class="java.lang.Throwable">
            <message>
              <![CDATA[Method selenium.Testing3.deleteUser() on instance selenium.Testing3@3c19aaa5 depends on not successfully finished methods 
[selenium.Testing3.editUser() on instance selenium.Testing3@3c19aaa5]]]>
            </message>
            <full-stacktrace>
              <![CDATA[java.lang.Throwable: Method selenium.Testing3.deleteUser() on instance selenium.Testing3@3c19aaa5 depends on not successfully finished methods 
[selenium.Testing3.editUser() on instance selenium.Testing3@3c19aaa5]
at org.testng.internal.invokers.TestInvoker.invokeTestMethods(TestInvoker.java:159)
at org.testng.internal.invokers.TestMethodWorker.invokeTestMethods(TestMethodWorker.java:154)
at org.testng.internal.invokers.TestMethodWorker.run(TestMethodWorker.java:134)
at java.base/java.util.ArrayList.forEach(ArrayList.java:1596)
at org.testng.TestRunner.privateRun(TestRunner.java:741)
at org.testng.TestRunner.run(TestRunner.java:616)
at org.testng.SuiteRunner.runTest(SuiteRunner.java:421)
at org.testng.SuiteRunner.runSequentially(SuiteRunner.java:413)
at org.testng.SuiteRunner.privateRun(SuiteRunner.java:373)
at org.testng.SuiteRunner.run(SuiteRunner.java:312)
at org.testng.SuiteRunnerWorker.runSuite(SuiteRunnerWorker.java:52)
at org.testng.SuiteRunnerWorker.run(SuiteRunnerWorker.java:95)
at org.testng.TestNG.runSuitesSequentially(TestNG.java:1274)
at org.testng.TestNG.runSuitesLocally(TestNG.java:1208)
at org.testng.TestNG.runSuites(TestNG.java:1112)
at org.testng.TestNG.run(TestNG.java:1079)
at org.testng.remote.AbstractRemoteTestNG.run(AbstractRemoteTestNG.java:115)
at org.testng.remote.RemoteTestNG.initAndRun(RemoteTestNG.java:293)
at org.testng.remote.RemoteTestNG.main(RemoteTestNG.java:91)
]]>
            </full-stacktrace>
          </exception> <!-- java.lang.Throwable -->
          <reporter-output>
          </reporter-output>
        </test-method> <!-- deleteUser -->
      </class> <!-- selenium.Testing3 -->
      <class name="selenium.Testing1">
        <test-method is-config="true" signature="beforeSuite()[pri:0, instance:selenium.Testing1@36fc695d]" started-at="2025-12-28T15:42:43 EST" name="beforeSuite" finished-at="2025-12-28T15:42:43 EST" duration-ms="9" status="PASS">
          <reporter-output>
          </reporter-output>
        </test-method> <!-- beforeSuite -->
        <test-method is-config="true" signature="beforeTest()[pri:0, instance:selenium.Testing1@36fc695d]" started-at="2025-12-28T15:42:43 EST" name="beforeTest" finished-at="2025-12-28T15:42:43 EST" duration-ms="1" status="PASS">
          <reporter-output>
          </reporter-output>
        </test-method> <!-- beforeTest -->
        <test-method is-config="true" signature="beforeClass()[pri:0, instance:selenium.Testing1@36fc695d]" started-at="2025-12-28T15:42:43 EST" name="beforeClass" finished-at="2025-12-28T15:42:43 EST" duration-ms="1" status="PASS">
          <reporter-output>
          </reporter-output>
        </test-method> <!-- beforeClass -->
        <test-method is-config="true" signature="beforeMethod()[pri:0, instance:selenium.Testing1@36fc695d]" started-at="2025-12-28T15:42:43 EST" name="beforeMethod" finished-at="2025-12-28T15:42:43 EST" duration-ms="0" status="PASS">
          <reporter-output>
          </reporter-output>
        </test-method> <!-- beforeMethod -->
        <test-method signature="test1()[pri:0, instance:selenium.Testing1@36fc695d]" started-at="2025-12-28T15:42:43 EST" name="test1" finished-at="2025-12-28T15:42:43 EST" duration-ms="1" status="PASS">
          <reporter-output>
          </reporter-output>
        </test-method> <!-- test1 -->
        <test-method is-config="true" signature="afterMethod()[pri:0, instance:selenium.Testing1@36fc695d]" started-at="2025-12-28T15:42:43 EST" name="afterMethod" finished-at="2025-12-28T15:42:43 EST" duration-ms="1" status="PASS">
          <reporter-output>
          </reporter-output>
        </test-method> <!-- afterMethod -->
        <test-method is-config="true" signature="beforeMethod()[pri:0, instance:selenium.Testing1@36fc695d]" started-at="2025-12-28T15:42:43 EST" name="beforeMethod" finished-at="2025-12-28T15:42:43 EST" duration-ms="0" status="PASS">
          <reporter-output>
          </reporter-output>
        </test-method> <!-- beforeMethod -->
        <test-method signature="test2()[pri:0, instance:selenium.Testing1@36fc695d]" started-at="2025-12-28T15:42:43 EST" name="test2" finished-at="2025-12-28T15:42:43 EST" duration-ms="1" status="PASS">
          <reporter-output>
          </reporter-output>
        </test-method> <!-- test2 -->
        <test-method is-config="true" signature="afterMethod()[pri:0, instance:selenium.Testing1@36fc695d]" started-at="2025-12-28T15:42:43 EST" name="afterMethod" finished-at="2025-12-28T15:42:43 EST" duration-ms="1" status="PASS">
          <reporter-output>
          </reporter-output>
        </test-method> <!-- afterMethod -->
        <test-method signature="test3()[pri:0, instance:selenium.Testing1@36fc695d]" started-at="2025-12-28T15:42:43 EST" name="test3" finished-at="2025-12-28T15:42:43 EST" duration-ms="1" status="PASS">
          <reporter-output>
          </reporter-output>
        </test-method> <!-- test3 -->
        <test-method is-config="true" signature="beforeMethod()[pri:0, instance:selenium.Testing1@36fc695d]" started-at="2025-12-28T15:42:43 EST" name="beforeMethod" finished-at="2025-12-28T15:42:43 EST" duration-ms="0" status="PASS">
          <reporter-output>
          </reporter-output>
        </test-method> <!-- beforeMethod -->
        <test-method is-config="true" signature="afterMethod()[pri:0, instance:selenium.Testing1@36fc695d]" started-at="2025-12-28T15:42:43 EST" name="afterMethod" finished-at="2025-12-28T15:42:43 EST" duration-ms="0" status="PASS">
          <reporter-output>
          </reporter-output>
        </test-method> <!-- afterMethod -->
        <test-method is-config="true" signature="afterClass()[pri:0, instance:selenium.Testing1@36fc695d]" started-at="2025-12-28T15:42:43 EST" name="afterClass" finished-at="2025-12-28T15:42:43 EST" duration-ms="0" status="PASS">
          <reporter-output>
          </reporter-output>
        </test-method> <!-- afterClass -->
        <test-method is-config="true" signature="afterTest()[pri:0, instance:selenium.Testing1@36fc695d]" started-at="2025-12-28T15:42:43 EST" name="afterTest" finished-at="2025-12-28T15:42:43 EST" duration-ms="0" status="PASS">
          <reporter-output>
          </reporter-output>
        </test-method> <!-- afterTest -->
        <test-method is-config="true" signature="afterSuite()[pri:0, instance:selenium.Testing1@36fc695d]" started-at="2025-12-28T15:42:43 EST" name="afterSuite" finished-at="2025-12-28T15:42:43 EST" duration-ms="1" status="PASS">
          <reporter-output>
          </reporter-output>
        </test-method> <!-- afterSuite -->
      </class> <!-- selenium.Testing1 -->
    </test> <!-- Default test -->
  </suite> <!-- Default suite -->
</testng-results>
