<?xml version="1.0" encoding="UTF-8"?>
<testng-results ignored="0" total="3" passed="3" failed="0" skipped="0">
  <reporter-output>
  </reporter-output>
  <suite started-at="2025-12-24T11:47:38 EST" name="Default suite" finished-at="2025-12-24T11:47:38 EST" duration-ms="44">
    <groups>
      <group name="smoke">
        <method signature="Testing1.test1()[pri:0, instance:tests.Testing1@72967906]" name="test1" class="tests.Testing1"/>
      </group> <!-- smoke -->
      <group name="sanity">
        <method signature="Testing1.test2()[pri:0, instance:tests.Testing1@72967906]" name="test2" class="tests.Testing1"/>
      </group> <!-- sanity -->
    </groups>
    <test started-at="2025-12-24T11:47:38 EST" name="Default test" finished-at="2025-12-24T11:47:38 EST" duration-ms="44">
      <class name="tests.Testing1">
        <test-method is-config="true" signature="beforeSuite()[pri:0, instance:tests.Testing1@72967906]" started-at="2025-12-24T11:47:38 EST" name="beforeSuite" finished-at="2025-12-24T11:47:38 EST" duration-ms="7" status="PASS">
          <reporter-output>
          </reporter-output>
        </test-method> <!-- beforeSuite -->
        <test-method is-config="true" signature="beforeTest()[pri:0, instance:tests.Testing1@72967906]" started-at="2025-12-24T11:47:38 EST" name="beforeTest" finished-at="2025-12-24T11:47:38 EST" duration-ms="0" status="PASS">
          <reporter-output>
          </reporter-output>
        </test-method> <!-- beforeTest -->
        <test-method is-config="true" signature="beforeClass()[pri:0, instance:tests.Testing1@72967906]" started-at="2025-12-24T11:47:38 EST" name="beforeClass" finished-at="2025-12-24T11:47:38 EST" duration-ms="0" status="PASS">
          <reporter-output>
          </reporter-output>
        </test-method> <!-- beforeClass -->
        <test-method is-config="true" signature="beforeMethod()[pri:0, instance:tests.Testing1@72967906]" started-at="2025-12-24T11:47:38 EST" name="beforeMethod" finished-at="2025-12-24T11:47:38 EST" duration-ms="1" status="PASS">
          <reporter-output>
          </reporter-output>
        </test-method> <!-- beforeMethod -->
        <test-method signature="test1()[pri:0, instance:tests.Testing1@72967906]" started-at="2025-12-24T11:47:38 EST" name="test1" finished-at="2025-12-24T11:47:38 EST" duration-ms="6" status="PASS">
          <reporter-output>
          </reporter-output>
        </test-method> <!-- test1 -->
        <test-method is-config="true" signature="afterMethod()[pri:0, instance:tests.Testing1@72967906]" started-at="2025-12-24T11:47:38 EST" name="afterMethod" finished-at="2025-12-24T11:47:38 EST" duration-ms="0" status="PASS">
          <reporter-output>
          </reporter-output>
        </test-method> <!-- afterMethod -->
        <test-method signature="test2()[pri:0, instance:tests.Testing1@72967906]" started-at="2025-12-24T11:47:38 EST" name="test2" finished-at="2025-12-24T11:47:38 EST" duration-ms="2" status="PASS">
          <reporter-output>
          </reporter-output>
        </test-method> <!-- test2 -->
        <test-method is-config="true" signature="beforeMethod()[pri:0, instance:tests.Testing1@72967906]" started-at="2025-12-24T11:47:38 EST" name="beforeMethod" finished-at="2025-12-24T11:47:38 EST" duration-ms="0" status="PASS">
          <reporter-output>
          </reporter-output>
        </test-method> <!-- beforeMethod -->
        <test-method is-config="true" signature="afterMethod()[pri:0, instance:tests.Testing1@72967906]" started-at="2025-12-24T11:47:38 EST" name="afterMethod" finished-at="2025-12-24T11:47:38 EST" duration-ms="1" status="PASS">
          <reporter-output>
          </reporter-output>
        </test-method> <!-- afterMethod -->
        <test-method is-config="true" signature="beforeMethod()[pri:0, instance:tests.Testing1@72967906]" started-at="2025-12-24T11:47:38 EST" name="beforeMethod" finished-at="2025-12-24T11:47:38 EST" duration-ms="1" status="PASS">
          <reporter-output>
          </reporter-output>
        </test-method> <!-- beforeMethod -->
        <test-method signature="test3()[pri:0, instance:tests.Testing1@72967906]" started-at="2025-12-24T11:47:38 EST" name="test3" finished-at="2025-12-24T11:47:38 EST" duration-ms="0" status="PASS">
          <reporter-output>
          </reporter-output>
        </test-method> <!-- test3 -->
        <test-method is-config="true" signature="afterMethod()[pri:0, instance:tests.Testing1@72967906]" started-at="2025-12-24T11:47:38 EST" name="afterMethod" finished-at="2025-12-24T11:47:38 EST" duration-ms="0" status="PASS">
          <reporter-output>
          </reporter-output>
        </test-method> <!-- afterMethod -->
        <test-method is-config="true" signature="afterClass()[pri:0, instance:tests.Testing1@72967906]" started-at="2025-12-24T11:47:38 EST" name="afterClass" finished-at="2025-12-24T11:47:38 EST" duration-ms="1" status="PASS">
          <reporter-output>
          </reporter-output>
        </test-method> <!-- afterClass -->
        <test-method is-config="true" signature="afterTest()[pri:0, instance:tests.Testing1@72967906]" started-at="2025-12-24T11:47:38 EST" name="afterTest" finished-at="2025-12-24T11:47:38 EST" duration-ms="0" status="PASS">
          <reporter-output>
          </reporter-output>
        </test-method> <!-- afterTest -->
        <test-method is-config="true" signature="afterSuite()[pri:0, instance:tests.Testing1@72967906]" started-at="2025-12-24T11:47:39 EST" name="afterSuite" finished-at="2025-12-24T11:47:39 EST" duration-ms="0" status="PASS">
          <reporter-output>
          </reporter-output>
        </test-method> <!-- afterSuite -->
      </class> <!-- tests.Testing1 -->
    </test> <!-- Default test -->
  </suite> <!-- Default suite -->
</testng-results>
